c:\practice\chatserver\chatserver\chatserver\x64\debug\vcpkg.applocal.log
c:\practice\chatserver\chatserver\chatserver\x64\debug\chatserver.pch
c:\practice\chatserver\chatserver\chatserver\x64\debug\vc141.pdb
c:\practice\chatserver\chatserver\chatserver\x64\debug\vc141.idb
c:\practice\chatserver\chatserver\chatserver\x64\debug\pch.obj
c:\practice\chatserver\chatserver\chatserver\x64\debug\threadpool.obj
c:\practice\chatserver\chatserver\chatserver\x64\debug\threadhandler.obj
c:\practice\chatserver\chatserver\chatserver\x64\debug\tcp_server.obj
c:\practice\chatserver\chatserver\chatserver\x64\debug\session.obj
c:\practice\chatserver\chatserver\chatserver\x64\debug\room.obj
c:\practice\chatserver\chatserver\chatserver\x64\debug\msg.pb.obj
c:\practice\chatserver\chatserver\chatserver\x64\debug\protocol.obj
c:\practice\chatserver\chatserver\chatserver\x64\debug\player.obj
c:\practice\chatserver\chatserver\chatserver\x64\debug\main.obj
c:\practice\chatserver\chatserver\chatserver\x64\debug\jobqueuethreading.obj
c:\practice\chatserver\chatserver\chatserver\x64\debug\dbmanager.obj
c:\practice\chatserver\chatserver\chatserver\x64\debug\dbjobq.obj
c:\practice\chatserver\chatserver\x64\debug\chatserver.ilk
c:\practice\chatserver\chatserver\x64\debug\chatserver.exe
c:\practice\chatserver\chatserver\x64\debug\chatserver.pdb
c:\practice\chatserver\chatserver\chatserver\x64\debug\chatserver.tlog\chatserver.write.1u.tlog
c:\practice\chatserver\chatserver\chatserver\x64\debug\chatserver.tlog\cl.command.1.tlog
c:\practice\chatserver\chatserver\chatserver\x64\debug\chatserver.tlog\cl.read.1.tlog
c:\practice\chatserver\chatserver\chatserver\x64\debug\chatserver.tlog\cl.write.1.tlog
c:\practice\chatserver\chatserver\chatserver\x64\debug\chatserver.tlog\link.command.1.tlog
c:\practice\chatserver\chatserver\chatserver\x64\debug\chatserver.tlog\link.read.1.tlog
c:\practice\chatserver\chatserver\chatserver\x64\debug\chatserver.tlog\link.write.1.tlog
